#
# There is insufficient memory for the Java Runtime Environment to continue.
# Native memory allocation (malloc) failed to allocate 955936 bytes. Error detail: Chunk::new
# Possible reasons:
#   The system is out of physical RAM or swap space
#   This process is running with CompressedOops enabled, and the Java Heap may be blocking the growth of the native heap
# Possible solutions:
#   Reduce memory load on the system
#   Increase physical memory or swap space
#   Check if swap backing store is full
#   Decrease Java heap size (-Xmx/-Xms)
#   Decrease number of Java threads
#   Decrease Java thread stack sizes (-Xss)
#   Set larger code cache with -XX:ReservedCodeCacheSize=
#   JVM is running with Unscaled Compressed Oops mode in which the Java heap is
#     placed in the first 4GB address space. The Java Heap base address is the
#     maximum limit for the native heap growth. Please use -XX:HeapBaseMinAddress
#     to set the Java Heap base and to place the Java Heap above 4GB virtual address.
# This output file may be truncated or incomplete.
#
#  Out of Memory Error (arena.cpp:191), pid=24884, tid=3436
#
# JRE version: OpenJDK Runtime Environment Microsoft-11926163 (17.0.16+8) (build 17.0.16+8-LTS)
# Java VM: OpenJDK 64-Bit Server VM Microsoft-11926163 (17.0.16+8-LTS, mixed mode, sharing, tiered, compressed oops, compressed class ptrs, g1 gc, windows-amd64)
# No core dump will be written. Minidumps are not enabled by default on client versions of Windows
#

---------------  S U M M A R Y ------------

Command Line: --add-opens=java.base/java.lang=ALL-UNNAMED --add-opens=java.base/java.lang.invoke=ALL-UNNAMED --add-opens=java.base/java.util=ALL-UNNAMED --add-opens=java.prefs/java.util.prefs=ALL-UNNAMED --add-exports=jdk.compiler/com.sun.tools.javac.api=ALL-UNNAMED --add-exports=jdk.compiler/com.sun.tools.javac.util=ALL-UNNAMED --add-opens=java.base/java.util=ALL-UNNAMED --add-opens=java.prefs/java.util.prefs=ALL-UNNAMED --add-opens=java.base/java.nio.charset=ALL-UNNAMED --add-opens=java.base/java.net=ALL-UNNAMED --add-opens=java.base/java.util.concurrent=ALL-UNNAMED --add-opens=java.base/java.util.concurrent.atomic=ALL-UNNAMED --add-opens=java.xml/javax.xml.namespace=ALL-UNNAMED --add-opens=java.base/java.time=ALL-UNNAMED -Xmx2048m -Dfile.encoding=UTF-8 -Duser.country=ZA -Duser.language=en -Duser.variant -javaagent:C:\Users\indie\.gradle\wrapper\dists\gradle-9.2.1-bin\2t0n5ozlw9xmuyvbp7dnzaxug\gradle-9.2.1\lib\agents\gradle-instrumentation-agent-9.2.1.jar org.gradle.launcher.daemon.bootstrap.GradleDaemon 9.2.1

Host: AMD Ryzen 7 7730U with Radeon Graphics         , 16 cores, 5G,  Windows 11 , 64 bit Build 26100 (10.0.26100.7705)
Time: Tue Mar  3 00:15:54 2026 South Africa Standard Time elapsed time: 47.056500 seconds (0d 0h 0m 47s)

---------------  T H R E A D  ---------------

Current thread (0x00000175cf98d240):  JavaThread "C2 CompilerThread0" daemon [_thread_in_native, id=3436, stack(0x00000067d2f00000,0x00000067d3000000)]


Current CompileTask:
C2:  47056 4000   !   4       java.lang.ClassLoader::loadClass (121 bytes)

Stack: [0x00000067d2f00000,0x00000067d3000000]
Native frames: (J=compiled Java code, j=interpreted, Vv=VM code, C=native code)
V  [jvm.dll+0x68ee19]
V  [jvm.dll+0x846249]
V  [jvm.dll+0x847fb8]
V  [jvm.dll+0x848643]
V  [jvm.dll+0x24cf6f]
V  [jvm.dll+0xaecb6]
V  [jvm.dll+0xaf35c]
V  [jvm.dll+0x2b4baf]
V  [jvm.dll+0x594a14]
V  [jvm.dll+0x226d84]
V  [jvm.dll+0x22718d]
V  [jvm.dll+0x220193]
V  [jvm.dll+0x21d260]
V  [jvm.dll+0x1a8ce6]
V  [jvm.dll+0x22db1b]
V  [jvm.dll+0x22bca6]
V  [jvm.dll+0x7fba9b]
V  [jvm.dll+0x7f5e9c]
V  [jvm.dll+0x68dd27]
C  [ucrtbase.dll+0x37b0]
C  [KERNEL32.DLL+0x2e8d7]
C  [ntdll.dll+0x8c40c]


---------------  P R O C E S S  ---------------

Threads class SMR info:
_java_thread_list=0x0000017619592540, length=35, elements={
0x00000175b15c9c30, 0x00000175cf972a90, 0x00000175cf973560, 0x00000175cf987b00,
0x00000175cf98a3e0, 0x00000175cf98acb0, 0x00000175cf98b580, 0x00000175cf98d240,
0x00000175cf98dc00, 0x00000175cf996520, 0x00000175cf95e7a0, 0x00000175d07cada0,
0x0000017616161430, 0x0000017616079040, 0x0000017616989ce0, 0x0000017616d62840,
0x0000017616d75d80, 0x0000017616d771c0, 0x0000017616d75870, 0x0000017616d76290,
0x0000017616d767a0, 0x0000017616d76cb0, 0x0000017616d776d0, 0x0000017616d79020,
0x0000017616d77be0, 0x0000017616d78600, 0x0000017616d78b10, 0x0000017618193830,
0x0000017618193320, 0x0000017618192900, 0x0000017618191ee0, 0x00000176181919d0,
0x0000017618190080, 0x0000017617db7290, 0x0000017619439950
}

Java Threads: ( => current thread )
  0x00000175b15c9c30 JavaThread "main" [_thread_blocked, id=27568, stack(0x00000067d2200000,0x00000067d2300000)]
  0x00000175cf972a90 JavaThread "Reference Handler" daemon [_thread_blocked, id=31596, stack(0x00000067d2900000,0x00000067d2a00000)]
  0x00000175cf973560 JavaThread "Finalizer" daemon [_thread_blocked, id=3060, stack(0x00000067d2a00000,0x00000067d2b00000)]
  0x00000175cf987b00 JavaThread "Signal Dispatcher" daemon [_thread_blocked, id=2804, stack(0x00000067d2b00000,0x00000067d2c00000)]
  0x00000175cf98a3e0 JavaThread "Attach Listener" daemon [_thread_blocked, id=15880, stack(0x00000067d2c00000,0x00000067d2d00000)]
  0x00000175cf98acb0 JavaThread "Service Thread" daemon [_thread_blocked, id=29308, stack(0x00000067d2d00000,0x00000067d2e00000)]
  0x00000175cf98b580 JavaThread "Monitor Deflation Thread" daemon [_thread_blocked, id=13304, stack(0x00000067d2e00000,0x00000067d2f00000)]
=>0x00000175cf98d240 JavaThread "C2 CompilerThread0" daemon [_thread_in_native, id=3436, stack(0x00000067d2f00000,0x00000067d3000000)]
  0x00000175cf98dc00 JavaThread "C1 CompilerThread0" daemon [_thread_blocked, id=31544, stack(0x00000067d3000000,0x00000067d3100000)]
  0x00000175cf996520 JavaThread "Sweeper thread" daemon [_thread_blocked, id=29736, stack(0x00000067d3100000,0x00000067d3200000)]
  0x00000175cf95e7a0 JavaThread "Common-Cleaner" daemon [_thread_blocked, id=7800, stack(0x00000067d3200000,0x00000067d3300000)]
  0x00000175d07cada0 JavaThread "Notification Thread" daemon [_thread_blocked, id=12712, stack(0x00000067d3300000,0x00000067d3400000)]
  0x0000017616161430 JavaThread "Daemon health stats" [_thread_blocked, id=34572, stack(0x00000067d3900000,0x00000067d3a00000)]
  0x0000017616079040 JavaThread "Incoming local TCP Connector on port 60855" [_thread_in_native, id=11644, stack(0x00000067d3a00000,0x00000067d3b00000)]
  0x0000017616989ce0 JavaThread "Daemon periodic checks" [_thread_blocked, id=2884, stack(0x00000067d3b00000,0x00000067d3c00000)]
  0x0000017616d62840 JavaThread "Daemon" [_thread_blocked, id=19084, stack(0x00000067d3c00000,0x00000067d3d00000)]
  0x0000017616d75d80 JavaThread "Handler for socket connection from /127.0.0.1:60855 to /127.0.0.1:60856" [_thread_in_native, id=20920, stack(0x00000067d3d00000,0x00000067d3e00000)]
  0x0000017616d771c0 JavaThread "Cancel handler" [_thread_blocked, id=32624, stack(0x00000067d3e00000,0x00000067d3f00000)]
  0x0000017616d75870 JavaThread "Daemon worker" [_thread_in_vm, id=14672, stack(0x00000067d3f00000,0x00000067d4000000)]
  0x0000017616d76290 JavaThread "Asynchronous log dispatcher for DefaultDaemonConnection: socket connection from /127.0.0.1:60855 to /127.0.0.1:60856" [_thread_blocked, id=23100, stack(0x00000067d4000000,0x00000067d4100000)]
  0x0000017616d767a0 JavaThread "Stdin handler" [_thread_blocked, id=10784, stack(0x00000067d4100000,0x00000067d4200000)]
  0x0000017616d76cb0 JavaThread "Daemon client event forwarder" [_thread_blocked, id=9996, stack(0x00000067d4200000,0x00000067d4300000)]
  0x0000017616d776d0 JavaThread "Cache worker for journal cache (C:\Users\indie\.gradle\caches\journal-1)" [_thread_blocked, id=28796, stack(0x00000067d4b00000,0x00000067d4c00000)]
  0x0000017616d79020 JavaThread "File lock request listener" [_thread_in_native, id=13764, stack(0x00000067d4c00000,0x00000067d4d00000)]
  0x0000017616d77be0 JavaThread "Cache worker for file hash cache (C:\Users\indie\.gradle\caches\9.2.1\fileHashes)" [_thread_blocked, id=6284, stack(0x00000067d4d00000,0x00000067d4e00000)]
  0x0000017616d78600 JavaThread "Cache worker for file hash cache (C:\Users\indie\Documents\Projects\Kotlin Learning\BikeWeatherForecastApp\.gradle\9.2.1\fileHashes)" [_thread_blocked, id=14532, stack(0x00000067d5000000,0x00000067d5100000)]
  0x0000017616d78b10 JavaThread "Cache worker for Build Output Cleanup Cache (C:\Users\indie\Documents\Projects\Kotlin Learning\BikeWeatherForecastApp\.gradle\buildOutputCleanup)" [_thread_blocked, id=12664, stack(0x00000067d5100000,0x00000067d5200000)]
  0x0000017618193830 JavaThread "File watcher server" daemon [_thread_in_native, id=29772, stack(0x00000067d5200000,0x00000067d5300000)]
  0x0000017618193320 JavaThread "File watcher consumer" daemon [_thread_blocked, id=16824, stack(0x00000067d5300000,0x00000067d5400000)]
  0x0000017618192900 JavaThread "Cache worker for checksums cache (C:\Users\indie\Documents\Projects\Kotlin Learning\BikeWeatherForecastApp\.gradle\9.2.1\checksums)" [_thread_blocked, id=11884, stack(0x00000067d5400000,0x00000067d5500000)]
  0x0000017618191ee0 JavaThread "Cache worker for file content cache (C:\Users\indie\.gradle\caches\9.2.1\fileContent)" [_thread_blocked, id=7624, stack(0x00000067d5500000,0x00000067d5600000)]
  0x00000176181919d0 JavaThread "Cache worker for cache directory md-supplier (C:\Users\indie\.gradle\caches\9.2.1\md-supplier)" [_thread_blocked, id=4692, stack(0x00000067d5600000,0x00000067d5700000)]
  0x0000017618190080 JavaThread "Cache worker for cache directory md-rule (C:\Users\indie\.gradle\caches\9.2.1\md-rule)" [_thread_blocked, id=10568, stack(0x00000067d5700000,0x00000067d5800000)]
  0x0000017617db7290 JavaThread "C2 CompilerThread1" daemon [_thread_blocked, id=22300, stack(0x00000067d5a00000,0x00000067d5b00000)]
  0x0000017619439950 JavaThread "C2 CompilerThread2" daemon [_thread_in_native, id=32452, stack(0x00000067d5b00000,0x00000067d5c00000)]

Other Threads:
  0x00000175cf96da90 VMThread "VM Thread" [stack: 0x00000067d2800000,0x00000067d2900000] [id=23328]
  0x00000175d06e0d60 WatcherThread [stack: 0x00000067d3400000,0x00000067d3500000] [id=16680]
  0x00000175b162b740 GCTaskThread "GC Thread#0" [stack: 0x00000067d2300000,0x00000067d2400000] [id=28600]
  0x00000175d0891d20 GCTaskThread "GC Thread#1" [stack: 0x00000067d3500000,0x00000067d3600000] [id=12336]
  0x00000175d07d8960 GCTaskThread "GC Thread#2" [stack: 0x00000067d3600000,0x00000067d3700000] [id=16696]
  0x00000175d094e900 GCTaskThread "GC Thread#3" [stack: 0x00000067d3700000,0x00000067d3800000] [id=9588]
  0x0000017616b46200 GCTaskThread "GC Thread#4" [stack: 0x00000067d3800000,0x00000067d3900000] [id=22352]
  0x0000017617563620 GCTaskThread "GC Thread#5" [stack: 0x00000067d4300000,0x00000067d4400000] [id=6752]
  0x00000176177c76c0 GCTaskThread "GC Thread#6" [stack: 0x00000067d4400000,0x00000067d4500000] [id=2492]
  0x000001761779d460 GCTaskThread "GC Thread#7" [stack: 0x00000067d4500000,0x00000067d4600000] [id=27836]
  0x00000176162533c0 GCTaskThread "GC Thread#8" [stack: 0x00000067d4600000,0x00000067d4700000] [id=3440]
  0x00000176175656f0 GCTaskThread "GC Thread#9" [stack: 0x00000067d4700000,0x00000067d4800000] [id=24560]
  0x000001761625b8c0 GCTaskThread "GC Thread#10" [stack: 0x00000067d4800000,0x00000067d4900000] [id=26528]
  0x0000017617569b10 GCTaskThread "GC Thread#11" [stack: 0x00000067d4900000,0x00000067d4a00000] [id=21072]
  0x00000176161a7090 GCTaskThread "GC Thread#12" [stack: 0x00000067d4a00000,0x00000067d4b00000] [id=9056]
  0x00000175b163c5a0 ConcurrentGCThread "G1 Main Marker" [stack: 0x00000067d2400000,0x00000067d2500000] [id=11456]
  0x00000175b163ced0 ConcurrentGCThread "G1 Conc#0" [stack: 0x00000067d2500000,0x00000067d2600000] [id=20340]
  0x00000176161e9510 ConcurrentGCThread "G1 Conc#1" [stack: 0x00000067d4e00000,0x00000067d4f00000] [id=32644]
  0x00000176161e9a90 ConcurrentGCThread "G1 Conc#2" [stack: 0x00000067d4f00000,0x00000067d5000000] [id=18816]
  0x00000175cf827ff0 ConcurrentGCThread "G1 Refine#0" [stack: 0x00000067d2600000,0x00000067d2700000] [id=17668]
  0x00000176189aee50 ConcurrentGCThread "G1 Refine#1" [stack: 0x00000067d5800000,0x00000067d5900000] [id=12304]
  0x00000175cf8296e0 ConcurrentGCThread "G1 Service" [stack: 0x00000067d2700000,0x00000067d2800000] [id=28080]

Threads with active compile tasks:
C2 CompilerThread0    56346 4000   !   4       java.lang.ClassLoader::loadClass (121 bytes)
C2 CompilerThread2    56346 4026       4       java.net.URLClassLoader$1::run (5 bytes)

VM state: not at safepoint (normal execution)

VM Mutex/Monitor currently owned by a thread: None

Heap address: 0x0000000080000000, size: 2048 MB, Compressed Oops mode: 32-bit

CDS archive(s) mapped at: [0x00000175d1000000-0x00000175d1bb0000-0x00000175d1bb0000), size 12255232, SharedBaseAddress: 0x00000175d1000000, ArchiveRelocationMode: 1.
Compressed class space mapped at: 0x00000175d2000000-0x0000017612000000, reserved size: 1073741824
Narrow klass base: 0x00000175d1000000, Narrow klass shift: 0, Narrow klass range: 0x100000000

GC Precious Log:
 CPUs: 16 total, 16 available
 Memory: 5981M
 Large Page Support: Disabled
 NUMA Support: Disabled
 Compressed Oops: Enabled (32-bit)
 Heap Region Size: 1M
 Heap Min Capacity: 8M
 Heap Initial Capacity: 94M
 Heap Max Capacity: 2G
 Pre-touch: Disabled
 Parallel Workers: 13
 Concurrent Workers: 3
 Concurrent Refinement Workers: 13
 Periodic GC: Disabled

Heap:
 garbage-first heap   total 89088K, used 42653K [0x0000000080000000, 0x0000000100000000)
  region size 1024K, 18 young (18432K), 5 survivors (5120K)
 Metaspace       used 35253K, committed 35648K, reserved 1114112K
  class space    used 4929K, committed 5120K, reserved 1048576K

Heap Regions: E=young(eden), S=young(survivor), O=old, HS=humongous(starts), HC=humongous(continues), CS=collection set, F=free, OA=open archive, CA=closed archive, TAMS=top-at-mark-start (previous, next)
|   0|0x0000000080000000, 0x0000000080100000, 0x0000000080100000|100%|HS|  |TAMS 0x0000000080100000, 0x0000000080000000| Complete 
|   1|0x0000000080100000, 0x0000000080200000, 0x0000000080200000|100%|HC|  |TAMS 0x0000000080200000, 0x0000000080100000| Complete 
|   2|0x0000000080200000, 0x0000000080300000, 0x0000000080300000|100%|HC|  |TAMS 0x0000000080300000, 0x0000000080200000| Complete 
|   3|0x0000000080300000, 0x0000000080400000, 0x0000000080400000|100%|HC|  |TAMS 0x0000000080400000, 0x0000000080300000| Complete 
|   4|0x0000000080400000, 0x0000000080500000, 0x0000000080500000|100%| O|  |TAMS 0x0000000080500000, 0x0000000080400000| Untracked 
|   5|0x0000000080500000, 0x0000000080600000, 0x0000000080600000|100%| O|  |TAMS 0x0000000080600000, 0x0000000080500000| Untracked 
|   6|0x0000000080600000, 0x0000000080700000, 0x0000000080700000|100%| O|  |TAMS 0x0000000080700000, 0x0000000080600000| Untracked 
|   7|0x0000000080700000, 0x0000000080800000, 0x0000000080800000|100%|HS|  |TAMS 0x0000000080800000, 0x0000000080700000| Complete 
|   8|0x0000000080800000, 0x0000000080900000, 0x0000000080900000|100%| O|  |TAMS 0x0000000080900000, 0x0000000080800000| Untracked 
|   9|0x0000000080900000, 0x0000000080a00000, 0x0000000080a00000|100%| O|  |TAMS 0x0000000080a00000, 0x0000000080900000| Untracked 
|  10|0x0000000080a00000, 0x0000000080b00000, 0x0000000080b00000|100%| O|  |TAMS 0x0000000080b00000, 0x0000000080a00000| Untracked 
|  11|0x0000000080b00000, 0x0000000080c00000, 0x0000000080c00000|100%| O|  |TAMS 0x0000000080c00000, 0x0000000080b00000| Untracked 
|  12|0x0000000080c00000, 0x0000000080d00000, 0x0000000080d00000|100%| O|  |TAMS 0x0000000080d00000, 0x0000000080c00000| Untracked 
|  13|0x0000000080d00000, 0x0000000080e00000, 0x0000000080e00000|100%| O|  |TAMS 0x0000000080e00000, 0x0000000080d00000| Untracked 
|  14|0x0000000080e00000, 0x0000000080f00000, 0x0000000080f00000|100%| O|  |TAMS 0x0000000080e00000, 0x0000000080e00000| Untracked 
|  15|0x0000000080f00000, 0x0000000081000000, 0x0000000081000000|100%| O|  |TAMS 0x0000000080f00000, 0x0000000080f00000| Untracked 
|  16|0x0000000081000000, 0x0000000081100000, 0x0000000081100000|100%| O|  |TAMS 0x0000000081100000, 0x0000000081000000| Untracked 
|  17|0x0000000081100000, 0x0000000081200000, 0x0000000081200000|100%| O|  |TAMS 0x0000000081200000, 0x0000000081100000| Untracked 
|  18|0x0000000081200000, 0x0000000081300000, 0x0000000081300000|100%| O|  |TAMS 0x0000000081300000, 0x0000000081200000| Untracked 
|  19|0x0000000081300000, 0x0000000081400000, 0x0000000081400000|100%| O|  |TAMS 0x0000000081400000, 0x0000000081300000| Untracked 
|  20|0x0000000081400000, 0x0000000081500000, 0x0000000081500000|100%| O|  |TAMS 0x0000000081500000, 0x0000000081400000| Untracked 
|  21|0x0000000081500000, 0x0000000081600000, 0x0000000081600000|100%| O|  |TAMS 0x0000000081600000, 0x0000000081500000| Untracked 
|  22|0x0000000081600000, 0x0000000081662c00, 0x0000000081700000| 38%| O|  |TAMS 0x0000000081662c00, 0x0000000081600000| Untracked 
|  23|0x0000000081700000, 0x0000000081800000, 0x0000000081800000|100%| O|  |TAMS 0x0000000081700000, 0x0000000081700000| Untracked 
|  24|0x0000000081800000, 0x0000000081900000, 0x0000000081900000|100%| O|  |TAMS 0x0000000081800000, 0x0000000081800000| Untracked 
|  25|0x0000000081900000, 0x0000000081a00000, 0x0000000081a00000|100%| O|  |TAMS 0x0000000081900000, 0x0000000081900000| Untracked 
|  26|0x0000000081a00000, 0x0000000081a32400, 0x0000000081b00000| 19%| O|  |TAMS 0x0000000081a00000, 0x0000000081a00000| Untracked 
|  27|0x0000000081b00000, 0x0000000081b00000, 0x0000000081c00000|  0%| F|  |TAMS 0x0000000081b00000, 0x0000000081b00000| Untracked 
|  28|0x0000000081c00000, 0x0000000081c00000, 0x0000000081d00000|  0%| F|  |TAMS 0x0000000081c00000, 0x0000000081c00000| Untracked 
|  29|0x0000000081d00000, 0x0000000081d00000, 0x0000000081e00000|  0%| F|  |TAMS 0x0000000081d00000, 0x0000000081d00000| Untracked 
|  30|0x0000000081e00000, 0x0000000081e00000, 0x0000000081f00000|  0%| F|  |TAMS 0x0000000081e00000, 0x0000000081e00000| Untracked 
|  31|0x0000000081f00000, 0x0000000081f00000, 0x0000000082000000|  0%| F|  |TAMS 0x0000000081f00000, 0x0000000081f00000| Untracked 
|  32|0x0000000082000000, 0x0000000082000000, 0x0000000082100000|  0%| F|  |TAMS 0x0000000082000000, 0x0000000082000000| Untracked 
|  33|0x0000000082100000, 0x0000000082100000, 0x0000000082200000|  0%| F|  |TAMS 0x0000000082100000, 0x0000000082100000| Untracked 
|  34|0x0000000082200000, 0x0000000082200000, 0x0000000082300000|  0%| F|  |TAMS 0x0000000082200000, 0x0000000082200000| Untracked 
|  35|0x0000000082300000, 0x0000000082300000, 0x0000000082400000|  0%| F|  |TAMS 0x0000000082300000, 0x0000000082300000| Untracked 
|  36|0x0000000082400000, 0x0000000082400000, 0x0000000082500000|  0%| F|  |TAMS 0x0000000082400000, 0x0000000082400000| Untracked 
|  37|0x0000000082500000, 0x0000000082500000, 0x0000000082600000|  0%| F|  |TAMS 0x0000000082500000, 0x0000000082500000| Untracked 
|  38|0x0000000082600000, 0x0000000082600000, 0x0000000082700000|  0%| F|  |TAMS 0x0000000082600000, 0x0000000082600000| Untracked 
|  39|0x0000000082700000, 0x0000000082712578, 0x0000000082800000|  7%| S|CS|TAMS 0x0000000082700000, 0x0000000082700000| Complete 
|  40|0x0000000082800000, 0x0000000082900000, 0x0000000082900000|100%| S|CS|TAMS 0x0000000082800000, 0x0000000082800000| Complete 
|  41|0x0000000082900000, 0x0000000082900000, 0x0000000082a00000|  0%| F|  |TAMS 0x0000000082900000, 0x0000000082900000| Untracked 
|  42|0x0000000082a00000, 0x0000000082a00000, 0x0000000082b00000|  0%| F|  |TAMS 0x0000000082a00000, 0x0000000082a00000| Untracked 
|  43|0x0000000082b00000, 0x0000000082b00000, 0x0000000082c00000|  0%| F|  |TAMS 0x0000000082b00000, 0x0000000082b00000| Untracked 
|  44|0x0000000082c00000, 0x0000000082c00000, 0x0000000082d00000|  0%| F|  |TAMS 0x0000000082c00000, 0x0000000082c00000| Untracked 
|  45|0x0000000082d00000, 0x0000000082d00000, 0x0000000082e00000|  0%| F|  |TAMS 0x0000000082d00000, 0x0000000082d00000| Untracked 
|  46|0x0000000082e00000, 0x0000000082e00000, 0x0000000082f00000|  0%| F|  |TAMS 0x0000000082e00000, 0x0000000082e00000| Untracked 
|  47|0x0000000082f00000, 0x0000000083000000, 0x0000000083000000|100%| S|CS|TAMS 0x0000000082f00000, 0x0000000082f00000| Complete 
|  48|0x0000000083000000, 0x0000000083100000, 0x0000000083100000|100%| S|CS|TAMS 0x0000000083000000, 0x0000000083000000| Complete 
|  49|0x0000000083100000, 0x0000000083200000, 0x0000000083200000|100%| S|CS|TAMS 0x0000000083100000, 0x0000000083100000| Complete 
|  50|0x0000000083200000, 0x0000000083200000, 0x0000000083300000|  0%| F|  |TAMS 0x0000000083200000, 0x0000000083200000| Untracked 
|  51|0x0000000083300000, 0x0000000083300000, 0x0000000083400000|  0%| F|  |TAMS 0x0000000083300000, 0x0000000083300000| Untracked 
|  52|0x0000000083400000, 0x0000000083400000, 0x0000000083500000|  0%| F|  |TAMS 0x0000000083400000, 0x0000000083400000| Untracked 
|  53|0x0000000083500000, 0x0000000083500000, 0x0000000083600000|  0%| F|  |TAMS 0x0000000083500000, 0x0000000083500000| Untracked 
|  54|0x0000000083600000, 0x0000000083600000, 0x0000000083700000|  0%| F|  |TAMS 0x0000000083600000, 0x0000000083600000| Untracked 
|  55|0x0000000083700000, 0x0000000083700000, 0x0000000083800000|  0%| F|  |TAMS 0x0000000083700000, 0x0000000083700000| Untracked 
|  56|0x0000000083800000, 0x0000000083800000, 0x0000000083900000|  0%| F|  |TAMS 0x0000000083800000, 0x0000000083800000| Untracked 
|  57|0x0000000083900000, 0x0000000083900000, 0x0000000083a00000|  0%| F|  |TAMS 0x0000000083900000, 0x0000000083900000| Untracked 
|  58|0x0000000083a00000, 0x0000000083a00000, 0x0000000083b00000|  0%| F|  |TAMS 0x0000000083a00000, 0x0000000083a00000| Untracked 
|  59|0x0000000083b00000, 0x0000000083b00000, 0x0000000083c00000|  0%| F|  |TAMS 0x0000000083b00000, 0x0000000083b00000| Untracked 
|  60|0x0000000083c00000, 0x0000000083c00000, 0x0000000083d00000|  0%| F|  |TAMS 0x0000000083c00000, 0x0000000083c00000| Untracked 
|  61|0x0000000083d00000, 0x0000000083d00000, 0x0000000083e00000|  0%| F|  |TAMS 0x0000000083d00000, 0x0000000083d00000| Untracked 
|  62|0x0000000083e00000, 0x0000000083e00000, 0x0000000083f00000|  0%| F|  |TAMS 0x0000000083e00000, 0x0000000083e00000| Untracked 
|  63|0x0000000083f00000, 0x0000000083f00000, 0x0000000084000000|  0%| F|  |TAMS 0x0000000083f00000, 0x0000000083f00000| Untracked 
|  64|0x0000000084000000, 0x0000000084000000, 0x0000000084100000|  0%| F|  |TAMS 0x0000000084000000, 0x0000000084000000| Untracked 
|  65|0x0000000084100000, 0x0000000084100000, 0x0000000084200000|  0%| F|  |TAMS 0x0000000084100000, 0x0000000084100000| Untracked 
|  66|0x0000000084200000, 0x0000000084200000, 0x0000000084300000|  0%| F|  |TAMS 0x0000000084200000, 0x0000000084200000| Untracked 
|  67|0x0000000084300000, 0x0000000084300000, 0x0000000084400000|  0%| F|  |TAMS 0x0000000084300000, 0x0000000084300000| Untracked 
|  68|0x0000000084400000, 0x0000000084400000, 0x0000000084500000|  0%| F|  |TAMS 0x0000000084400000, 0x0000000084400000| Untracked 
|  69|0x0000000084500000, 0x0000000084500000, 0x0000000084600000|  0%| F|  |TAMS 0x0000000084500000, 0x0000000084500000| Untracked 
|  70|0x0000000084600000, 0x0000000084600000, 0x0000000084700000|  0%| F|  |TAMS 0x0000000084600000, 0x0000000084600000| Untracked 
|  71|0x0000000084700000, 0x0000000084700000, 0x0000000084800000|  0%| F|  |TAMS 0x0000000084700000, 0x0000000084700000| Untracked 
|  72|0x0000000084800000, 0x0000000084800000, 0x0000000084900000|  0%| F|  |TAMS 0x0000000084800000, 0x0000000084800000| Untracked 
|  73|0x0000000084900000, 0x0000000084900000, 0x0000000084a00000|  0%| F|  |TAMS 0x0000000084900000, 0x0000000084900000| Untracked 
|  74|0x0000000084a00000, 0x0000000084b00000, 0x0000000084b00000|100%| E|  |TAMS 0x0000000084a00000, 0x0000000084a00000| Complete 
|  75|0x0000000084b00000, 0x0000000084c00000, 0x0000000084c00000|100%| E|CS|TAMS 0x0000000084b00000, 0x0000000084b00000| Complete 
|  76|0x0000000084c00000, 0x0000000084d00000, 0x0000000084d00000|100%| E|CS|TAMS 0x0000000084c00000, 0x0000000084c00000| Complete 
|  77|0x0000000084d00000, 0x0000000084e00000, 0x0000000084e00000|100%| E|CS|TAMS 0x0000000084d00000, 0x0000000084d00000| Complete 
|  78|0x0000000084e00000, 0x0000000084f00000, 0x0000000084f00000|100%| E|CS|TAMS 0x0000000084e00000, 0x0000000084e00000| Complete 
|  79|0x0000000084f00000, 0x0000000085000000, 0x0000000085000000|100%| E|CS|TAMS 0x0000000084f00000, 0x0000000084f00000| Complete 
|  80|0x0000000085000000, 0x0000000085100000, 0x0000000085100000|100%| E|CS|TAMS 0x0000000085000000, 0x0000000085000000| Complete 
|  81|0x0000000085100000, 0x0000000085200000, 0x0000000085200000|100%| E|CS|TAMS 0x0000000085100000, 0x0000000085100000| Complete 
|  82|0x0000000085200000, 0x0000000085300000, 0x0000000085300000|100%| E|CS|TAMS 0x0000000085200000, 0x0000000085200000| Complete 
|  83|0x0000000085300000, 0x0000000085400000, 0x0000000085400000|100%| E|CS|TAMS 0x0000000085300000, 0x0000000085300000| Complete 
|  84|0x0000000085400000, 0x0000000085500000, 0x0000000085500000|100%| E|CS|TAMS 0x0000000085400000, 0x0000000085400000| Complete 
|  85|0x0000000085500000, 0x0000000085600000, 0x0000000085600000|100%| E|CS|TAMS 0x0000000085500000, 0x0000000085500000| Complete 
|  93|0x0000000085d00000, 0x0000000085e00000, 0x0000000085e00000|100%| E|CS|TAMS 0x0000000085d00000, 0x0000000085d00000| Complete 

Card table byte_map: [0x00000175c8da0000,0x00000175c91a0000] _byte_map_base: 0x00000175c89a0000

Marking Bits (Prev, Next): (CMBitMap*) 0x00000175b162bcb0, (CMBitMap*) 0x00000175b162bc70
 Prev Bits: [0x00000175cb5a0000, 0x00000175cd5a0000)
 Next Bits: [0x00000175c95a0000, 0x00000175cb5a0000)

Polling page: 0x00000175af140000

Metaspace:

Usage:
  Non-class:     29.62 MB used.
      Class:      4.82 MB used.
       Both:     34.44 MB used.

Virtual space:
  Non-class space:       64.00 MB reserved,      29.88 MB ( 47%) committed,  1 nodes.
      Class space:        1.00 GB reserved,       5.00 MB ( <1%) committed,  1 nodes.
             Both:        1.06 GB reserved,      34.88 MB (  3%) committed. 

Chunk freelists:
   Non-Class:  1.30 MB
       Class:  10.95 MB
        Both:  12.25 MB

MaxMetaspaceSize: unlimited
CompressedClassSpaceSize: 1.00 GB
Initial GC threshold: 21.00 MB
Current GC threshold: 35.12 MB
CDS: on
MetaspaceReclaimPolicy: balanced
 - commit_granule_bytes: 65536.
 - commit_granule_words: 8192.
 - virtual_space_node_default_size: 8388608.
 - enlarge_chunks_in_place: 1.
 - new_chunks_are_fully_committed: 0.
 - uncommit_free_chunks: 1.
 - use_allocation_guard: 0.
 - handle_deallocations: 1.


Internal statistics:

num_allocs_failed_limit: 3.
num_arena_births: 550.
num_arena_deaths: 0.
num_vsnodes_births: 2.
num_vsnodes_deaths: 0.
num_space_committed: 558.
num_space_uncommitted: 0.
num_chunks_returned_to_freelist: 3.
num_chunks_taken_from_freelist: 1957.
num_chunk_merges: 3.
num_chunk_splits: 1292.
num_chunks_enlarged: 897.
num_inconsistent_stats: 0.

CodeHeap 'non-profiled nmethods': size=119168Kb used=2428Kb max_used=2428Kb free=116739Kb
 bounds [0x00000175c0cc0000, 0x00000175c0f30000, 0x00000175c8120000]
CodeHeap 'profiled nmethods': size=119104Kb used=8715Kb max_used=8715Kb free=110388Kb
 bounds [0x00000175b9120000, 0x00000175b99b0000, 0x00000175c0570000]
CodeHeap 'non-nmethods': size=7488Kb used=1604Kb max_used=2184Kb free=5883Kb
 bounds [0x00000175c0570000, 0x00000175c07e0000, 0x00000175c0cc0000]
 total_blobs=4790 nmethods=4123 adapters=579
 compilation: enabled
              stopped_count=0, restarted_count=0
 full_count=0

Compilation events (20 events):
Event: 41.977 Thread 0x00000175cf98dc00 nmethod 4089 0x00000175b998d790 code [0x00000175b998d940, 0x00000175b998ddb8]
Event: 41.977 Thread 0x00000175cf98dc00 4090       3       java.lang.invoke.LambdaForm$DMH/0x00000175d21d0800::newInvokeSpecial (32 bytes)
Event: 41.978 Thread 0x00000175cf98dc00 nmethod 4090 0x00000175b998de90 code [0x00000175b998e080, 0x00000175b998e888]
Event: 41.978 Thread 0x00000175cf98dc00 4091       3       org.objectweb.asm.Type::getDescriptor (18 bytes)
Event: 41.978 Thread 0x00000175cf98dc00 nmethod 4091 0x00000175b998ea90 code [0x00000175b998ec80, 0x00000175b998f0b8]
Event: 41.979 Thread 0x000001761966a010 nmethod 4088 0x00000175c0f0ac10 code [0x00000175c0f0ada0, 0x00000175c0f0af18]
Event: 41.979 Thread 0x000001761966a010 4004       4       java.util.AbstractCollection::<init> (5 bytes)
Event: 41.980 Thread 0x000001761966a010 nmethod 4004 0x00000175c0f0b090 code [0x00000175c0f0b200, 0x00000175c0f0b278]
Event: 41.980 Thread 0x000001761966a010 4082       4       java.lang.StringConcatHelper::mix (27 bytes)
Event: 41.980 Thread 0x000001761966a010 nmethod 4082 0x00000175c0f0b390 code [0x00000175c0f0b520, 0x00000175c0f0b5d8]
Event: 41.980 Thread 0x000001761966a010 4038       4       java.lang.reflect.Modifier::isStatic (13 bytes)
Event: 41.981 Thread 0x000001761966a010 nmethod 4038 0x00000175c0f0b710 code [0x00000175c0f0b880, 0x00000175c0f0b8d8]
Event: 41.981 Thread 0x000001761966a010 4030       4       java.lang.reflect.Method::copy (84 bytes)
Event: 43.009 Thread 0x000001761966a010 nmethod 4030 0x00000175c0f0ba10 code [0x00000175c0f0bba0, 0x00000175c0f0be98]
Event: 43.009 Thread 0x000001761966a010 4031       4       java.lang.reflect.Method::<init> (68 bytes)
Event: 43.010 Thread 0x00000175cf98dc00 4095       3       sun.reflect.generics.reflectiveObjects.ParameterizedTypeImpl::validateConstructorArguments (82 bytes)
Event: 43.012 Thread 0x00000175cf98dc00 nmethod 4095 0x00000175b998f290 code [0x00000175b998f600, 0x00000175b9991038]
Event: 43.012 Thread 0x00000175cf98dc00 4097       3       org.objectweb.asm.SymbolTable$Entry::<init> (17 bytes)
Event: 43.012 Thread 0x00000175cf98dc00 nmethod 4097 0x00000175b9991890 code [0x00000175b9991a40, 0x00000175b9991bc8]
Event: 43.012 Thread 0x00000175cf98dc00 4093       3       sun.reflect.generics.reflectiveObjects.ParameterizedTypeImpl::<init> (35 bytes)

GC Heap History (18 events):
Event: 1.002 GC heap before
{Heap before GC invocations=0 (full 0):
 garbage-first heap   total 96256K, used 22528K [0x0000000080000000, 0x0000000100000000)
  region size 1024K, 23 young (23552K), 0 survivors (0K)
 Metaspace       used 895K, committed 1088K, reserved 1114112K
  class space    used 63K, committed 128K, reserved 1048576K
}
Event: 1.012 GC heap after
{Heap after GC invocations=1 (full 0):
 garbage-first heap   total 96256K, used 1648K [0x0000000080000000, 0x0000000100000000)
  region size 1024K, 2 young (2048K), 2 survivors (2048K)
 Metaspace       used 895K, committed 1088K, reserved 1114112K
  class space    used 63K, committed 128K, reserved 1048576K
}
Event: 3.154 GC heap before
{Heap before GC invocations=1 (full 0):
 garbage-first heap   total 96256K, used 40560K [0x0000000080000000, 0x0000000100000000)
  region size 1024K, 36 young (36864K), 2 survivors (2048K)
 Metaspace       used 4606K, committed 4736K, reserved 1114112K
  class space    used 573K, committed 640K, reserved 1048576K
}
Event: 3.167 GC heap after
{Heap after GC invocations=2 (full 0):
 garbage-first heap   total 96256K, used 11776K [0x0000000080000000, 0x0000000100000000)
  region size 1024K, 5 young (5120K), 5 survivors (5120K)
 Metaspace       used 4606K, committed 4736K, reserved 1114112K
  class space    used 573K, committed 640K, reserved 1048576K
}
Event: 4.815 GC heap before
{Heap before GC invocations=2 (full 0):
 garbage-first heap   total 96256K, used 54784K [0x0000000080000000, 0x0000000100000000)
  region size 1024K, 45 young (46080K), 5 survivors (5120K)
 Metaspace       used 4693K, committed 4800K, reserved 1114112K
  class space    used 573K, committed 640K, reserved 1048576K
}
Event: 4.832 GC heap after
{Heap after GC invocations=3 (full 0):
 garbage-first heap   total 96256K, used 15636K [0x0000000080000000, 0x0000000100000000)
  region size 1024K, 3 young (3072K), 3 survivors (3072K)
 Metaspace       used 4693K, committed 4800K, reserved 1114112K
  class space    used 573K, committed 640K, reserved 1048576K
}
Event: 9.730 GC heap before
{Heap before GC invocations=3 (full 0):
 garbage-first heap   total 96256K, used 62740K [0x0000000080000000, 0x0000000100000000)
  region size 1024K, 50 young (51200K), 3 survivors (3072K)
 Metaspace       used 12337K, committed 12608K, reserved 1114112K
  class space    used 1649K, committed 1792K, reserved 1048576K
}
Event: 9.812 GC heap after
{Heap after GC invocations=4 (full 0):
 garbage-first heap   total 96256K, used 20839K [0x0000000080000000, 0x0000000100000000)
  region size 1024K, 7 young (7168K), 7 survivors (7168K)
 Metaspace       used 12337K, committed 12608K, reserved 1114112K
  class space    used 1649K, committed 1792K, reserved 1048576K
}
Event: 15.569 GC heap before
{Heap before GC invocations=4 (full 0):
 garbage-first heap   total 96256K, used 66919K [0x0000000080000000, 0x0000000100000000)
  region size 1024K, 51 young (52224K), 7 survivors (7168K)
 Metaspace       used 19222K, committed 19584K, reserved 1114112K
  class space    used 2578K, committed 2752K, reserved 1048576K
}
Event: 15.600 GC heap after
{Heap after GC invocations=5 (full 0):
 garbage-first heap   total 96256K, used 23494K [0x0000000080000000, 0x0000000100000000)
  region size 1024K, 3 young (3072K), 3 survivors (3072K)
 Metaspace       used 19222K, committed 19584K, reserved 1114112K
  class space    used 2578K, committed 2752K, reserved 1048576K
}
Event: 18.601 GC heap before
{Heap before GC invocations=5 (full 0):
 garbage-first heap   total 96256K, used 40902K [0x0000000080000000, 0x0000000100000000)
  region size 1024K, 21 young (21504K), 3 survivors (3072K)
 Metaspace       used 21167K, committed 21504K, reserved 1114112K
  class space    used 2908K, committed 3072K, reserved 1048576K
}
Event: 18.621 GC heap after
{Heap after GC invocations=6 (full 0):
 garbage-first heap   total 96256K, used 24353K [0x0000000080000000, 0x0000000100000000)
  region size 1024K, 4 young (4096K), 4 survivors (4096K)
 Metaspace       used 21167K, committed 21504K, reserved 1114112K
  class space    used 2908K, committed 3072K, reserved 1048576K
}
Event: 30.797 GC heap before
{Heap before GC invocations=7 (full 0):
 garbage-first heap   total 89088K, used 71457K [0x0000000080000000, 0x0000000100000000)
  region size 1024K, 50 young (51200K), 4 survivors (4096K)
 Metaspace       used 27002K, committed 27392K, reserved 1114112K
  class space    used 3792K, committed 3968K, reserved 1048576K
}
Event: 30.819 GC heap after
{Heap after GC invocations=8 (full 0):
 garbage-first heap   total 89088K, used 26498K [0x0000000080000000, 0x0000000100000000)
  region size 1024K, 6 young (6144K), 6 survivors (6144K)
 Metaspace       used 27002K, committed 27392K, reserved 1114112K
  class space    used 3792K, committed 3968K, reserved 1048576K
}
Event: 32.749 GC heap before
{Heap before GC invocations=8 (full 0):
 garbage-first heap   total 89088K, used 66434K [0x0000000080000000, 0x0000000100000000)
  region size 1024K, 46 young (47104K), 6 survivors (6144K)
 Metaspace       used 32808K, committed 33216K, reserved 1114112K
  class space    used 4525K, committed 4736K, reserved 1048576K
}
Event: 32.765 GC heap after
{Heap after GC invocations=9 (full 0):
 garbage-first heap   total 89088K, used 29358K [0x0000000080000000, 0x0000000100000000)
  region size 1024K, 6 young (6144K), 6 survivors (6144K)
 Metaspace       used 32808K, committed 33216K, reserved 1114112K
  class space    used 4525K, committed 4736K, reserved 1048576K
}
Event: 33.369 GC heap before
{Heap before GC invocations=9 (full 0):
 garbage-first heap   total 89088K, used 67246K [0x0000000080000000, 0x0000000100000000)
  region size 1024K, 43 young (44032K), 6 survivors (6144K)
 Metaspace       used 33751K, committed 34176K, reserved 1114112K
  class space    used 4682K, committed 4864K, reserved 1048576K
}
Event: 33.374 GC heap after
{Heap after GC invocations=10 (full 0):
 garbage-first heap   total 89088K, used 30365K [0x0000000080000000, 0x0000000100000000)
  region size 1024K, 5 young (5120K), 5 survivors (5120K)
 Metaspace       used 33751K, committed 34176K, reserved 1114112K
  class space    used 4682K, committed 4864K, reserved 1048576K
}

Dll operation events (15 events):
Event: 0.045 Loaded shared library C:\Program Files\Microsoft\jdk-17.0.16.8-hotspot\bin\java.dll
Event: 0.094 Loaded shared library C:\Program Files\Microsoft\jdk-17.0.16.8-hotspot\bin\jsvml.dll
Event: 0.220 Loaded shared library C:\Program Files\Microsoft\jdk-17.0.16.8-hotspot\bin\zip.dll
Event: 0.226 Loaded shared library C:\Program Files\Microsoft\jdk-17.0.16.8-hotspot\bin\instrument.dll
Event: 0.235 Loaded shared library C:\Program Files\Microsoft\jdk-17.0.16.8-hotspot\bin\net.dll
Event: 0.237 Loaded shared library C:\Program Files\Microsoft\jdk-17.0.16.8-hotspot\bin\nio.dll
Event: 0.241 Loaded shared library C:\Program Files\Microsoft\jdk-17.0.16.8-hotspot\bin\zip.dll
Event: 0.962 Loaded shared library C:\Program Files\Microsoft\jdk-17.0.16.8-hotspot\bin\jimage.dll
Event: 1.841 Loaded shared library C:\Program Files\Microsoft\jdk-17.0.16.8-hotspot\bin\verify.dll
Event: 1.901 Loaded shared library C:\Users\indie\.gradle\native\660c5614fbf4a5f2a75b1949f50a0caf5cd603558e7d8a26e50b933a0cfb79d1\windows-amd64\native-platform.dll
Event: 1.937 Loaded shared library C:\Users\indie\.gradle\native\0.2.8\x86_64-windows-gnu\gradle-fileevents.dll
Event: 5.542 Loaded shared library C:\Program Files\Microsoft\jdk-17.0.16.8-hotspot\bin\management.dll
Event: 5.588 Loaded shared library C:\Program Files\Microsoft\jdk-17.0.16.8-hotspot\bin\management_ext.dll
Event: 6.435 Loaded shared library C:\Program Files\Microsoft\jdk-17.0.16.8-hotspot\bin\extnet.dll
Event: 8.411 Loaded shared library C:\Program Files\Microsoft\jdk-17.0.16.8-hotspot\bin\sunmscapi.dll

Deoptimization events (20 events):
Event: 33.624 Thread 0x0000017616d75870 Uncommon trap: trap_request=0xffffffc6 fr.pc=0x00000175c0e08abc relative=0x000000000000361c
Event: 33.624 Thread 0x0000017616d75870 Uncommon trap: reason=bimorphic_or_optimized_type_check action=maybe_recompile pc=0x00000175c0e08abc method=java.lang.ClassLoader.loadClass(Ljava/lang/String;Z)Ljava/lang/Class; @ 38 c2
Event: 33.624 Thread 0x0000017616d75870 DEOPT PACKING pc=0x00000175c0e08abc sp=0x00000067d3ff8310
Event: 33.624 Thread 0x0000017616d75870 DEOPT UNPACKING pc=0x00000175c05c69a3 sp=0x00000067d3ff8340 mode 2
Event: 33.624 Thread 0x0000017616d75870 Uncommon trap: trap_request=0xffffffc6 fr.pc=0x00000175c0e08abc relative=0x000000000000361c
Event: 33.624 Thread 0x0000017616d75870 Uncommon trap: reason=bimorphic_or_optimized_type_check action=maybe_recompile pc=0x00000175c0e08abc method=java.lang.ClassLoader.loadClass(Ljava/lang/String;Z)Ljava/lang/Class; @ 38 c2
Event: 33.624 Thread 0x0000017616d75870 DEOPT PACKING pc=0x00000175c0e08abc sp=0x00000067d3ff81b0
Event: 33.624 Thread 0x0000017616d75870 DEOPT UNPACKING pc=0x00000175c05c69a3 sp=0x00000067d3ff81f8 mode 2
Event: 33.629 Thread 0x0000017616d75870 Uncommon trap: trap_request=0xffffff45 fr.pc=0x00000175c0e227fc relative=0x000000000000071c
Event: 33.629 Thread 0x0000017616d75870 Uncommon trap: reason=unstable_if action=reinterpret pc=0x00000175c0e227fc method=java.lang.Class.getPackageName()Ljava/lang/String; @ 55 c2
Event: 33.629 Thread 0x0000017616d75870 DEOPT PACKING pc=0x00000175c0e227fc sp=0x00000067d3ff9760
Event: 33.629 Thread 0x0000017616d75870 DEOPT UNPACKING pc=0x00000175c05c69a3 sp=0x00000067d3ff9720 mode 2
Event: 33.686 Thread 0x0000017616d75870 Uncommon trap: trap_request=0xffffff45 fr.pc=0x00000175c0eade80 relative=0x0000000000004020
Event: 33.686 Thread 0x0000017616d75870 Uncommon trap: reason=unstable_if action=reinterpret pc=0x00000175c0eade80 method=org.objectweb.asm.Frame.push(I)V @ 26 c2
Event: 33.686 Thread 0x0000017616d75870 DEOPT PACKING pc=0x00000175c0eade80 sp=0x00000067d3ff81e0
Event: 33.686 Thread 0x0000017616d75870 DEOPT UNPACKING pc=0x00000175c05c69a3 sp=0x00000067d3ff8108 mode 2
Event: 33.746 Thread 0x0000017616d75870 Uncommon trap: trap_request=0xffffff3d fr.pc=0x00000175c0e9fec0 relative=0x0000000000000cc0
Event: 33.746 Thread 0x0000017616d75870 Uncommon trap: reason=unstable_fused_if action=reinterpret pc=0x00000175c0e9fec0 method=org.objectweb.asm.ByteVector.putUTF8(Ljava/lang/String;)Lorg/objectweb/asm/ByteVector; @ 93 c2
Event: 33.746 Thread 0x0000017616d75870 DEOPT PACKING pc=0x00000175c0e9fec0 sp=0x00000067d3ff7530
Event: 33.746 Thread 0x0000017616d75870 DEOPT UNPACKING pc=0x00000175c05c69a3 sp=0x00000067d3ff7488 mode 2

Classes loaded (20 events):
Event: 33.284 Loading class java/nio/charset/CharacterCodingException
Event: 33.285 Loading class java/nio/charset/CharacterCodingException done
Event: 33.444 Loading class java/nio/file/FileTreeWalker
Event: 33.445 Loading class java/nio/file/FileTreeWalker done
Event: 33.445 Loading class java/nio/file/FileTreeWalker$DirectoryNode
Event: 33.445 Loading class java/nio/file/FileTreeWalker$DirectoryNode done
Event: 33.445 Loading class java/nio/file/FileTreeWalker$Event
Event: 33.445 Loading class java/nio/file/FileTreeWalker$Event done
Event: 33.445 Loading class java/nio/file/FileTreeWalker$EventType
Event: 33.445 Loading class java/nio/file/FileTreeWalker$EventType done
Event: 33.446 Loading class java/nio/file/Files$3
Event: 33.446 Loading class java/nio/file/Files$3 done
Event: 33.449 Loading class java/nio/file/FileVisitResult
Event: 33.449 Loading class java/nio/file/FileVisitResult done
Event: 33.547 Loading class java/util/stream/Streams$RangeIntSpliterator
Event: 33.550 Loading class java/util/stream/Streams$RangeIntSpliterator done
Event: 33.610 Loading class jdk/internal/loader/URLClassPath$FileLoader
Event: 33.614 Loading class jdk/internal/loader/URLClassPath$FileLoader done
Event: 33.618 Loading class jdk/internal/loader/URLClassPath$FileLoader$1
Event: 33.618 Loading class jdk/internal/loader/URLClassPath$FileLoader$1 done

Classes unloaded (0 events):
No events

Classes redefined (0 events):
No events

Internal exceptions (20 events):
Event: 32.708 Thread 0x0000017616d75870 Exception <a 'java/lang/NoSuchMethodError'{0x0000000083034dc8}: 'java.lang.Object java.lang.invoke.DelegatingMethodHandle$Holder.reinvoke_L(java.lang.Object, java.lang.Object, java.lang.Object, java.lang.Object, java.lang.Object, java.lang.Object, java.lang.Object, java.lang.Object, java.lang.Object, java.lang.Object, java.lang.Object, java.lang.Object, java.lang.Object, java.lang.Object, java.lang.Object, java.lang.Object, java.lang.Object, java.lang.Object, java.lang.Object, java.lang.Object, java.lang.O
Event: 32.708 Thread 0x0000017616d75870 Exception <a 'java/lang/NoSuchMethodError'{0x00000000830410d0}: 'java.lang.Object java.lang.invoke.Invokers$Holder.invoker(java.lang.Object, java.lang.Object, java.lang.Object, java.lang.Object, java.lang.Object, java.lang.Object, java.lang.Object, java.lang.Object, java.lang.Object, java.lang.Object, java.lang.Object, java.lang.Object, java.lang.Object, java.lang.Object, java.lang.Object, java.lang.Object, java.lang.Object, java.lang.Object, java.lang.Object, java.lang.Object, java.lang.Object, java.lang.
Event: 32.709 Thread 0x0000017616d75870 Exception <a 'java/lang/NoSuchMethodError'{0x0000000083047d70}: 'java.lang.Object java.lang.invoke.DelegatingMethodHandle$Holder.delegate(java.lang.Object, java.lang.Object, java.lang.Object, java.lang.Object, java.lang.Object, java.lang.Object, java.lang.Object, java.lang.Object, java.lang.Object, java.lang.Object, java.lang.Object, java.lang.Object, java.lang.Object, java.lang.Object, java.lang.Object, java.lang.Object, java.lang.Object, java.lang.Object, java.lang.Object, java.lang.Object, java.lang.Obj
Event: 32.717 Thread 0x0000017616d75870 Exception <a 'java/lang/NoSuchMethodError'{0x0000000082f17ec0}: 'java.lang.Object java.lang.invoke.DirectMethodHandle$Holder.invokeStatic(java.lang.Object, java.lang.Object, java.lang.Object, java.lang.Object, java.lang.Object, java.lang.Object, java.lang.Object, java.lang.Object, java.lang.Object, java.lang.Object, java.lang.Object, java.lang.Object, java.lang.Object, java.lang.Object, java.lang.Object, java.lang.Object, java.lang.Object, java.lang.Object, java.lang.Object, java.lang.Object, java.lang.Obj
Event: 32.719 Thread 0x0000017616d75870 Exception <a 'java/lang/NoSuchMethodError'{0x0000000082f4c388}: 'java.lang.Object java.lang.invoke.DirectMethodHandle$Holder.invokeStatic(java.lang.Object, java.lang.Object, java.lang.Object, java.lang.Object, java.lang.Object, java.lang.Object, java.lang.Object, java.lang.Object, java.lang.Object, java.lang.Object, java.lang.Object, java.lang.Object, java.lang.Object, java.lang.Object, java.lang.Object, java.lang.Object, java.lang.Object, java.lang.Object, java.lang.Object, java.lang.Object, java.lang.Obj
Event: 32.721 Thread 0x0000017616d75870 Exception <a 'java/lang/NoSuchMethodError'{0x0000000082f82e10}: 'java.lang.Object java.lang.invoke.DirectMethodHandle$Holder.invokeStatic(java.lang.Object, java.lang.Object, java.lang.Object, java.lang.Object, java.lang.Object, java.lang.Object, java.lang.Object, java.lang.Object, java.lang.Object, java.lang.Object, java.lang.Object, java.lang.Object, java.lang.Object, java.lang.Object, java.lang.Object, java.lang.Object, java.lang.Object, java.lang.Object, java.lang.Object, java.lang.Object, java.lang.Obj
Event: 32.842 Thread 0x0000017616d75870 Exception <a 'java/lang/NoSuchMethodError'{0x000000008554e348}: 'java.lang.Object java.lang.invoke.DirectMethodHandle$Holder.newInvokeSpecial(java.lang.Object, java.lang.Object, java.lang.Object, java.lang.Object, java.lang.Object, java.lang.Object, int)'> (0x000000008554e348) 
thrown [s\src\hotspot\share\interpreter\linkResolver.cpp, line 759]
Event: 32.842 Thread 0x0000017616d75870 Exception <a 'java/lang/NoSuchMethodError'{0x0000000085553d98}: 'java.lang.Object java.lang.invoke.DirectMethodHandle$Holder.invokeSpecial(java.lang.Object, java.lang.Object, java.lang.Object, java.lang.Object, java.lang.Object, java.lang.Object, java.lang.Object, int)'> (0x0000000085553d98) 
thrown [s\src\hotspot\share\interpreter\linkResolver.cpp, line 759]
Event: 33.211 Thread 0x0000017616d75870 Exception <a 'java/lang/IncompatibleClassChangeError'{0x000000008350a220}: Found class java.lang.Object, but interface was expected> (0x000000008350a220) 
thrown [s\src\hotspot\share\interpreter\linkResolver.cpp, line 826]
Event: 33.234 Thread 0x0000017616d75870 Exception <a 'java/lang/NoSuchMethodError'{0x00000000835d9480}: 'java.lang.Object java.lang.invoke.DirectMethodHandle$Holder.newInvokeSpecial(java.lang.Object, java.lang.Object, long)'> (0x00000000835d9480) 
thrown [s\src\hotspot\share\interpreter\linkResolver.cpp, line 759]
Event: 33.234 Thread 0x0000017616d75870 Exception <a 'java/lang/NoSuchMethodError'{0x00000000835ddd38}: 'java.lang.Object java.lang.invoke.Invokers$Holder.linkToTargetMethod(java.lang.Object, long, java.lang.Object)'> (0x00000000835ddd38) 
thrown [s\src\hotspot\share\interpreter\linkResolver.cpp, line 759]
Event: 33.311 Thread 0x0000017616d75870 Exception <a 'java/lang/NoSuchMethodError'{0x00000000833b2d58}: 'int java.lang.invoke.DirectMethodHandle$Holder.invokeInterface(java.lang.Object, java.lang.Object)'> (0x00000000833b2d58) 
thrown [s\src\hotspot\share\interpreter\linkResolver.cpp, line 759]
Event: 33.383 Thread 0x0000017616d75870 Exception <a 'java/lang/NoSuchMethodError'{0x0000000085d58850}: 'java.lang.Object java.lang.invoke.DirectMethodHandle$Holder.newInvokeSpecial(java.lang.Object, java.lang.Object, int, java.lang.Object, java.lang.Object, java.lang.Object, java.lang.Object)'> (0x0000000085d58850) 
thrown [s\src\hotspot\share\interpreter\linkResolver.cpp, line 759]
Event: 33.383 Thread 0x0000017616d75870 Exception <a 'java/lang/NoSuchMethodError'{0x0000000085d62640}: 'java.lang.Object java.lang.invoke.Invokers$Holder.linkToTargetMethod(java.lang.Object, int, java.lang.Object, java.lang.Object, java.lang.Object, java.lang.Object, java.lang.Object)'> (0x0000000085d62640) 
thrown [s\src\hotspot\share\interpreter\linkResolver.cpp, line 759]
Event: 33.542 Thread 0x0000017616d75870 Exception <a 'java/lang/NoSuchMethodError'{0x00000000854a0958}: 'java.lang.Object java.lang.invoke.DirectMethodHandle$Holder.invokeVirtual(java.lang.Object, java.lang.Object, int)'> (0x00000000854a0958) 
thrown [s\src\hotspot\share\interpreter\linkResolver.cpp, line 759]
Event: 33.721 Thread 0x0000017616d75870 Exception <a 'java/lang/NoSuchMethodError'{0x00000000851b9660}: 'java.lang.Object java.lang.invoke.DirectMethodHandle$Holder.invokeSpecial(java.lang.Object, java.lang.Object, java.lang.Object, java.lang.Object, java.lang.Object, java.lang.Object, java.lang.Object, java.lang.Object, java.lang.Object)'> (0x00000000851b9660) 
thrown [s\src\hotspot\share\interpreter\linkResolver.cpp, line 759]
Event: 33.841 Thread 0x0000017616d75870 Exception <a 'java/lang/NoSuchMethodError'{0x0000000084e26398}: 'java.lang.Object java.lang.invoke.DirectMethodHandle$Holder.newInvokeSpecial(java.lang.Object, java.lang.Object, java.lang.Object, java.lang.Object, int)'> (0x0000000084e26398) 
thrown [s\src\hotspot\share\interpreter\linkResolver.cpp, line 759]
Event: 34.869 Thread 0x0000017616d75870 Exception <a 'java/lang/NoSuchMethodError'{0x0000000084e2b4c8}: 'java.lang.Object java.lang.invoke.DirectMethodHandle$Holder.invokeSpecial(java.lang.Object, java.lang.Object, java.lang.Object, java.lang.Object, java.lang.Object, int)'> (0x0000000084e2b4c8) 
thrown [s\src\hotspot\share\interpreter\linkResolver.cpp, line 759]
Event: 34.870 Thread 0x0000017616d75870 Exception <a 'java/lang/NoSuchMethodError'{0x0000000084e2fcb0}: 'java.lang.Object java.lang.invoke.Invokers$Holder.linkToTargetMethod(java.lang.Object, java.lang.Object, java.lang.Object, int, java.lang.Object)'> (0x0000000084e2fcb0) 
thrown [s\src\hotspot\share\interpreter\linkResolver.cpp, line 759]
Event: 39.954 Thread 0x0000017616d75870 Exception <a 'java/lang/NoSuchMethodError'{0x0000000084d62000}: 'java.lang.Object java.lang.invoke.Invokers$Holder.invokeExact_MT(java.lang.Object, java.lang.Object, java.lang.Object)'> (0x0000000084d62000) 
thrown [s\src\hotspot\share\interpreter\linkResolver.cpp, line 759]

VM Operations (20 events):
Event: 33.369 Executing VM operation: G1CollectForAllocation
Event: 33.374 Executing VM operation: G1CollectForAllocation done
Event: 33.619 Executing VM operation: HandshakeAllThreads
Event: 33.619 Executing VM operation: HandshakeAllThreads done
Event: 33.619 Executing VM operation: HandshakeAllThreads
Event: 33.619 Executing VM operation: HandshakeAllThreads done
Event: 33.818 Executing VM operation: HandshakeAllThreads
Event: 33.818 Executing VM operation: HandshakeAllThreads done
Event: 34.819 Executing VM operation: Cleanup
Event: 34.867 Executing VM operation: Cleanup done
Event: 35.868 Executing VM operation: Cleanup
Event: 35.869 Executing VM operation: Cleanup done
Event: 36.870 Executing VM operation: Cleanup
Event: 38.935 Executing VM operation: Cleanup done
Event: 39.947 Executing VM operation: Cleanup
Event: 39.948 Executing VM operation: Cleanup done
Event: 40.949 Executing VM operation: Cleanup
Event: 40.949 Executing VM operation: Cleanup done
Event: 42.975 Executing VM operation: Cleanup
Event: 43.007 Executing VM operation: Cleanup done

Memory protections (0 events):
No events

Nmethod flushes (0 events):
No events

Events (20 events):
Event: 8.929 Thread 0x0000017616d62840 Thread added: 0x0000017616d75870
Event: 9.015 Thread 0x0000017616d75870 Thread added: 0x0000017616d76290
Event: 9.061 Thread 0x0000017616d75870 Thread added: 0x0000017616d767a0
Event: 9.086 Thread 0x0000017616d75870 Thread added: 0x0000017616d76cb0
Event: 10.880 Thread 0x0000017616d75870 Thread added: 0x0000017616d776d0
Event: 10.895 Thread 0x0000017616d75870 Thread added: 0x0000017616d79020
Event: 12.676 Thread 0x0000017616d75870 Thread added: 0x0000017616d77be0
Event: 21.378 Thread 0x0000017616d75870 Thread added: 0x0000017616d78600
Event: 22.180 Thread 0x0000017616d75870 Thread added: 0x0000017616d78b10
Event: 24.656 Thread 0x0000017616d75870 Thread added: 0x0000017618193830
Event: 24.745 Thread 0x0000017616d75870 Thread added: 0x0000017618193320
Event: 26.213 Thread 0x0000017616d75870 Thread added: 0x0000017618192900
Event: 30.365 Thread 0x0000017616d75870 Thread added: 0x0000017618191ee0
Event: 31.427 Thread 0x0000017616d75870 Thread added: 0x00000176181919d0
Event: 31.631 Thread 0x0000017616d75870 Thread added: 0x0000017618190080
Event: 33.522 Thread 0x00000175cf98dc00 Thread added: 0x0000017618b7dad0
Event: 33.772 Thread 0x0000017618b7dad0 Thread added: 0x0000017617db7290
Event: 34.867 Thread 0x00000175cf98dc00 Thread added: 0x0000017619439950
Event: 41.977 Thread 0x00000175cf98dc00 Thread added: 0x000001761966a010
Event: 41.978 Thread 0x0000017618b7dad0 Thread exited: 0x0000017618b7dad0


Dynamic libraries:
0x00007ff712140000 - 0x00007ff71214e000 	C:\Program Files\Microsoft\jdk-17.0.16.8-hotspot\bin\java.exe
0x00007ffa098e0000 - 0x00007ffa09b48000 	C:\Windows\SYSTEM32\ntdll.dll
0x00007ffa07f90000 - 0x00007ffa08059000 	C:\Windows\System32\KERNEL32.DLL
0x00007ffa06280000 - 0x00007ffa06671000 	C:\Windows\System32\KERNELBASE.dll
0x00007ffa070d0000 - 0x00007ffa0721b000 	C:\Windows\System32\ucrtbase.dll
0x00007ff9ee8a0000 - 0x00007ff9ee8b8000 	C:\Program Files\Microsoft\jdk-17.0.16.8-hotspot\bin\jli.dll
0x00007ff9fb9a0000 - 0x00007ff9fb9be000 	C:\Program Files\Microsoft\jdk-17.0.16.8-hotspot\bin\VCRUNTIME140.dll
0x00007ffa096d0000 - 0x00007ffa09896000 	C:\Windows\System32\USER32.dll
0x00007ff9f4cb0000 - 0x00007ff9f4f43000 	C:\Windows\WinSxS\amd64_microsoft.windows.common-controls_6595b64144ccf1df_6.0.26100.7824_none_3e0870b2e3345462\COMCTL32.dll
0x00007ffa07220000 - 0x00007ffa07247000 	C:\Windows\System32\win32u.dll
0x00007ffa077a0000 - 0x00007ffa07849000 	C:\Windows\System32\msvcrt.dll
0x00007ffa07e20000 - 0x00007ffa07e4b000 	C:\Windows\System32\GDI32.dll
0x00007ffa06730000 - 0x00007ffa0685b000 	C:\Windows\System32\gdi32full.dll
0x00007ffa06680000 - 0x00007ffa06723000 	C:\Windows\System32\msvcp_win.dll
0x00007ffa07850000 - 0x00007ffa07881000 	C:\Windows\System32\IMM32.DLL
0x00007ff9f5730000 - 0x00007ff9f573c000 	C:\Program Files\Microsoft\jdk-17.0.16.8-hotspot\bin\vcruntime140_1.dll
0x00007ff9d29f0000 - 0x00007ff9d2a79000 	C:\Program Files\Microsoft\jdk-17.0.16.8-hotspot\bin\msvcp140.dll
0x00007ff95cf50000 - 0x00007ff95dbca000 	C:\Program Files\Microsoft\jdk-17.0.16.8-hotspot\bin\server\jvm.dll
0x00007ffa08820000 - 0x00007ffa088d4000 	C:\Windows\System32\ADVAPI32.dll
0x00007ffa09520000 - 0x00007ffa095c6000 	C:\Windows\System32\sechost.dll
0x00007ffa08ba0000 - 0x00007ffa08cb8000 	C:\Windows\System32\RPCRT4.dll
0x00007ffa07f10000 - 0x00007ffa07f84000 	C:\Windows\System32\WS2_32.dll
0x00007ffa06020000 - 0x00007ffa0607e000 	C:\Windows\SYSTEM32\POWRPROF.dll
0x00007ff9ff1a0000 - 0x00007ff9ff1d5000 	C:\Windows\SYSTEM32\WINMM.dll
0x00007ff9ff1e0000 - 0x00007ff9ff1eb000 	C:\Windows\SYSTEM32\VERSION.dll
0x00007ffa06000000 - 0x00007ffa06014000 	C:\Windows\SYSTEM32\UMPDC.dll
0x00007ffa04f60000 - 0x00007ffa04f7b000 	C:\Windows\SYSTEM32\kernel.appcore.dll
0x00007ff9f5580000 - 0x00007ff9f558a000 	C:\Program Files\Microsoft\jdk-17.0.16.8-hotspot\bin\jimage.dll
0x00007ffa04390000 - 0x00007ffa045d2000 	C:\Windows\SYSTEM32\DBGHELP.DLL
0x00007ffa083e0000 - 0x00007ffa08766000 	C:\Windows\System32\combase.dll
0x00007ffa08ac0000 - 0x00007ffa08b97000 	C:\Windows\System32\OLEAUT32.dll
0x00007ff9f1d50000 - 0x00007ff9f1d8b000 	C:\Windows\SYSTEM32\dbgcore.DLL
0x00007ffa075d0000 - 0x00007ffa07675000 	C:\Windows\System32\bcryptPrimitives.dll
0x00007ff9f3920000 - 0x00007ff9f392f000 	C:\Program Files\Microsoft\jdk-17.0.16.8-hotspot\bin\instrument.dll
0x00007ff9e1f60000 - 0x00007ff9e1f86000 	C:\Program Files\Microsoft\jdk-17.0.16.8-hotspot\bin\java.dll
0x00007ff9cc770000 - 0x00007ff9cc846000 	C:\Program Files\Microsoft\jdk-17.0.16.8-hotspot\bin\jsvml.dll
0x00007ffa08dc0000 - 0x00007ffa09512000 	C:\Windows\System32\SHELL32.dll
0x00007ffa073d0000 - 0x00007ffa0753a000 	C:\Windows\System32\wintypes.dll
0x00007ffa06860000 - 0x00007ffa070c3000 	C:\Windows\System32\windows.storage.dll
0x00007ffa095d0000 - 0x00007ffa096c6000 	C:\Windows\System32\SHCORE.dll
0x00007ffa088e0000 - 0x00007ffa08947000 	C:\Windows\System32\shlwapi.dll
0x00007ffa060e0000 - 0x00007ffa06109000 	C:\Windows\SYSTEM32\profapi.dll
0x00007ff9e75a0000 - 0x00007ff9e75b8000 	C:\Program Files\Microsoft\jdk-17.0.16.8-hotspot\bin\zip.dll
0x00007ff9ec870000 - 0x00007ff9ec88b000 	C:\Program Files\Microsoft\jdk-17.0.16.8-hotspot\bin\net.dll
0x00007ff9ff440000 - 0x00007ff9ff567000 	C:\Windows\SYSTEM32\WINHTTP.dll
0x00007ffa054d0000 - 0x00007ffa0553b000 	C:\Windows\system32\mswsock.dll
0x00007ff9e8570000 - 0x00007ff9e8586000 	C:\Program Files\Microsoft\jdk-17.0.16.8-hotspot\bin\nio.dll
0x00007ff9f4620000 - 0x00007ff9f4630000 	C:\Program Files\Microsoft\jdk-17.0.16.8-hotspot\bin\verify.dll
0x00007ff9f5100000 - 0x00007ff9f5127000 	C:\Users\indie\.gradle\native\660c5614fbf4a5f2a75b1949f50a0caf5cd603558e7d8a26e50b933a0cfb79d1\windows-amd64\native-platform.dll
0x00007ff9e1490000 - 0x00007ff9e1507000 	C:\Users\indie\.gradle\native\0.2.8\x86_64-windows-gnu\gradle-fileevents.dll
0x00007ff9f5010000 - 0x00007ff9f501a000 	C:\Program Files\Microsoft\jdk-17.0.16.8-hotspot\bin\management.dll
0x00007ff9f4f70000 - 0x00007ff9f4f7c000 	C:\Program Files\Microsoft\jdk-17.0.16.8-hotspot\bin\management_ext.dll
0x00007ffa07e00000 - 0x00007ffa07e08000 	C:\Windows\System32\PSAPI.DLL
0x00007ffa04a10000 - 0x00007ffa04a44000 	C:\Windows\SYSTEM32\IPHLPAPI.DLL
0x00007ffa07e10000 - 0x00007ffa07e1a000 	C:\Windows\System32\NSI.dll
0x00007ffa00570000 - 0x00007ffa0058e000 	C:\Windows\SYSTEM32\dhcpcsvc6.DLL
0x00007ffa004a0000 - 0x00007ffa004c3000 	C:\Windows\SYSTEM32\dhcpcsvc.DLL
0x00007ffa04a50000 - 0x00007ffa04b7c000 	C:\Windows\SYSTEM32\DNSAPI.dll
0x00007ff9f4ba0000 - 0x00007ff9f4ba9000 	C:\Program Files\Microsoft\jdk-17.0.16.8-hotspot\bin\extnet.dll
0x00007ffa057b0000 - 0x00007ffa057cb000 	C:\Windows\SYSTEM32\CRYPTSP.dll
0x00007ffa04ec0000 - 0x00007ffa04ef9000 	C:\Windows\system32\rsaenh.dll
0x00007ffa05580000 - 0x00007ffa055ab000 	C:\Windows\SYSTEM32\USERENV.dll
0x00007ffa060b0000 - 0x00007ffa060da000 	C:\Windows\SYSTEM32\bcrypt.dll
0x00007ffa057a0000 - 0x00007ffa057ac000 	C:\Windows\SYSTEM32\CRYPTBASE.dll
0x00007ff9f2950000 - 0x00007ff9f295e000 	C:\Program Files\Microsoft\jdk-17.0.16.8-hotspot\bin\sunmscapi.dll
0x00007ffa07250000 - 0x00007ffa073c7000 	C:\Windows\System32\CRYPT32.dll
0x00007ffa059c0000 - 0x00007ffa059f0000 	C:\Windows\SYSTEM32\ncrypt.dll
0x00007ffa05970000 - 0x00007ffa059af000 	C:\Windows\SYSTEM32\NTASN1.dll
0x00007ff984dd0000 - 0x00007ff984dd8000 	C:\Windows\system32\wshunix.dll

dbghelp: loaded successfully - version: 4.0.5 - missing functions: none
symbol engine: initialized successfully - sym options: 0x614 - pdb path: .;C:\Program Files\Microsoft\jdk-17.0.16.8-hotspot\bin;C:\Windows\SYSTEM32;C:\Windows\WinSxS\amd64_microsoft.windows.common-controls_6595b64144ccf1df_6.0.26100.7824_none_3e0870b2e3345462;C:\Program Files\Microsoft\jdk-17.0.16.8-hotspot\bin\server;C:\Users\indie\.gradle\native\660c5614fbf4a5f2a75b1949f50a0caf5cd603558e7d8a26e50b933a0cfb79d1\windows-amd64;C:\Users\indie\.gradle\native\0.2.8\x86_64-windows-gnu

VM Arguments:
jvm_args: --add-opens=java.base/java.lang=ALL-UNNAMED --add-opens=java.base/java.lang.invoke=ALL-UNNAMED --add-opens=java.base/java.util=ALL-UNNAMED --add-opens=java.prefs/java.util.prefs=ALL-UNNAMED --add-exports=jdk.compiler/com.sun.tools.javac.api=ALL-UNNAMED --add-exports=jdk.compiler/com.sun.tools.javac.util=ALL-UNNAMED --add-opens=java.base/java.util=ALL-UNNAMED --add-opens=java.prefs/java.util.prefs=ALL-UNNAMED --add-opens=java.base/java.nio.charset=ALL-UNNAMED --add-opens=java.base/java.net=ALL-UNNAMED --add-opens=java.base/java.util.concurrent=ALL-UNNAMED --add-opens=java.base/java.util.concurrent.atomic=ALL-UNNAMED --add-opens=java.xml/javax.xml.namespace=ALL-UNNAMED --add-opens=java.base/java.time=ALL-UNNAMED -Xmx2048m -Dfile.encoding=UTF-8 -Duser.country=ZA -Duser.language=en -Duser.variant -javaagent:C:\Users\indie\.gradle\wrapper\dists\gradle-9.2.1-bin\2t0n5ozlw9xmuyvbp7dnzaxug\gradle-9.2.1\lib\agents\gradle-instrumentation-agent-9.2.1.jar 
java_command: org.gradle.launcher.daemon.bootstrap.GradleDaemon 9.2.1
java_class_path (initial): C:\Users\indie\.gradle\wrapper\dists\gradle-9.2.1-bin\2t0n5ozlw9xmuyvbp7dnzaxug\gradle-9.2.1\lib\gradle-daemon-main-9.2.1.jar
Launcher Type: SUN_STANDARD

[Global flags]
     intx CICompilerCount                          = 12                                        {product} {ergonomic}
     uint ConcGCThreads                            = 3                                         {product} {ergonomic}
     uint G1ConcRefinementThreads                  = 13                                        {product} {ergonomic}
   size_t G1HeapRegionSize                         = 1048576                                   {product} {ergonomic}
    uintx GCDrainStackTargetSize                   = 64                                        {product} {ergonomic}
   size_t InitialHeapSize                          = 98566144                                  {product} {ergonomic}
   size_t MarkStackSize                            = 4194304                                   {product} {ergonomic}
   size_t MaxHeapSize                              = 2147483648                                {product} {command line}
   size_t MaxNewSize                               = 1287651328                                {product} {ergonomic}
   size_t MinHeapDeltaBytes                        = 1048576                                   {product} {ergonomic}
   size_t MinHeapSize                              = 8388608                                   {product} {ergonomic}
    uintx NonNMethodCodeHeapSize                   = 7602480                                {pd product} {ergonomic}
    uintx NonProfiledCodeHeapSize                  = 122027880                              {pd product} {ergonomic}
    uintx ProfiledCodeHeapSize                     = 122027880                              {pd product} {ergonomic}
    uintx ReservedCodeCacheSize                    = 251658240                              {pd product} {ergonomic}
     bool SegmentedCodeCache                       = true                                      {product} {ergonomic}
   size_t SoftMaxHeapSize                          = 2147483648                             {manageable} {ergonomic}
     bool UseCompressedClassPointers               = true                           {product lp64_product} {ergonomic}
     bool UseCompressedOops                        = true                           {product lp64_product} {ergonomic}
     bool UseG1GC                                  = true                                      {product} {ergonomic}
     bool UseLargePagesIndividualAllocation        = false                                  {pd product} {ergonomic}

Logging:
Log output configuration:
 #0: stdout all=warning uptime,level,tags
 #1: stderr all=off uptime,level,tags

Environment Variables:
JAVA_HOME=C:\Program Files\Microsoft\jdk-17.0.16.8-hotspot\
PATH=C:\Program Files\Microsoft\jdk-17.0.16.8-hotspot\bin;C:\Python313\Scripts\;C:\Python313\;C:\Windows\system32;C:\Windows;C:\Windows\System32\Wbem;C:\Windows\System32\WindowsPowerShell\v1.0\;C:\Windows\System32\OpenSSH\;C:\ProgramData\chocolatey\bin;C:\Program Files\Git\cmd;C:\Program Files\Amazon\AWSCLIV2\;C:\Program Files\nodejs\;C:\Users\indie\AppData\Local\Programs\Python\Python314\Scripts\;C:\Users\indie\AppData\Local\Programs\Python\Python314\;C:\Users\indie\AppData\Local\Programs\Python\Launcher\;C:\Users\indie\AppData\Local\Microsoft\WindowsApps;C:\Users\indie\AppData\Local\Programs\Microsoft VS Code\bin;C:\Program Files\JetBrains\WebStorm 2025.1.3\bin;;C:\Users\indie\AppData\Roaming\npm;C:\Users\indie\AppData\Local\Android\Sdk\platform-tools;C:\Users\indie\.bun\bin;C:\Users\indie\Documents\sqlite3;
USERNAME=indie
TERM=xterm
OS=Windows_NT
PROCESSOR_IDENTIFIER=AMD64 Family 25 Model 80 Stepping 0, AuthenticAMD
TMP=C:\Users\indie\AppData\Local\Temp
TEMP=C:\Users\indie\AppData\Local\Temp



Periodic native trim disabled


---------------  S Y S T E M  ---------------

OS:
 Windows 11 , 64 bit Build 26100 (10.0.26100.7705)
OS uptime: 14 days 5:27 hours
Hyper-V role detected

CPU: total 16 (initial active 16) (16 cores per cpu, 2 threads per core) family 25 model 80 stepping 0 microcode 0xa500014, cx8, cmov, fxsr, ht, mmx, 3dnowpref, sse, sse2, sse3, ssse3, sse4a, sse4.1, sse4.2, popcnt, lzcnt, tsc, tscinvbit, avx, avx2, aes, erms, clmul, bmi1, bmi2, adx, sha, fma, vzeroupper, clflush, clflushopt, hv
Processor Information for the first 16 processors :
  Max Mhz: 2000, Current Mhz: 2000, Mhz Limit: 2000

Memory: 4k page, system-wide physical 5981M (428M free)
TotalPageFile size 24413M (AvailPageFile size 545M)
current process WorkingSet (physical memory assigned to process): 140M, peak: 177M
current process commit charge ("private bytes"): 295M, peak: 303M

vm_info: OpenJDK 64-Bit Server VM (17.0.16+8-LTS) for windows-amd64 JRE (17.0.16+8-LTS), built on Jul 10 2025 00:24:24 by "MicrosoftCorporation" with unknown MS VC++:1944

END.
